<?xml version="1.0" encoding="UTF-8"?>
<!-- Generated by org.testng.reporters.JUnitXMLReporter -->
<testsuite ignored="0" hostname="LAPTOP-FED280IR" failures="0" tests="3" name="Test" time="23.425" errors="0" timestamp="2025-06-15T12:10:55 IST">
  <testcase classname="mini_project_2.TC_DWS_002" name="apparelShoes" time="0.946"/>
  <testcase classname="mini_project_2.TC_DWS_001" name="giftCards" time="0.766"/>
  <testcase classname="mini_project_2.TC_DWS_003" name="digitalDownloads" time="1.524"/>
</testsuite> <!-- Test -->
