<?xml version="1.0" encoding="UTF-8"?>
<testng-results ignored="0" total="1" passed="1" failed="0" skipped="0">
  <reporter-output>
  </reporter-output>
  <suite started-at="2025-06-23T18:06:39 IST" name="Default suite" finished-at="2025-06-23T18:06:50 IST" duration-ms="10278">
    <groups>
    </groups>
    <test started-at="2025-06-23T18:06:39 IST" name="Default test" finished-at="2025-06-23T18:06:50 IST" duration-ms="10278">
      <class name="practice_selenium.AbhiBus">
        <test-method signature="leastPrice()[pri:0, instance:practice_selenium.AbhiBus@2b71e916]" started-at="2025-06-23T18:06:39 IST" name="leastPrice" finished-at="2025-06-23T18:06:50 IST" duration-ms="10173" status="PASS">
          <reporter-output>
          </reporter-output>
        </test-method> <!-- leastPrice -->
      </class> <!-- practice_selenium.AbhiBus -->
    </test> <!-- Default test -->
  </suite> <!-- Default suite -->
</testng-results>
